生成启动时间为 2017/6/30 11:37:20。
     1>项目“G:\C++\Project\stitcher\stitcher_win32_sdk\vs_stitcher_demo\vs_stitcher_demo\vs_stitcher_demo.vcxproj”在节点 2 上(Build 个目标)。
     1>ClCompile:
         C:\Program Files (x86)\Microsoft Visual Studio 12.0\VC\bin\CL.exe /c /ZI /nologo /W3 /WX- /sdl /Od /Oy- /D WIN32 /D _DEBUG /D _CONSOLE /D _LIB /D _UNICODE /D UNICODE /Gm /EHsc /RTC1 /MTd /GS /fp:precise /Zc:wchar_t /Zc:forScope /Yu"stdafx.h" /Fp"Debug\vs_stitcher_demo.pch" /Fo"Debug\\" /Fd"Debug\vc120.pdb" /Gd /TP /analyze- /errorReport:prompt vs_stitcher_demo.cpp
         vs_stitcher_demo.cpp
     1>g:\c++\project\stitcher\stitcher_win32_sdk\include\stitcher.h(44): warning C4251: “Stitcher::ba_cost_func”: class“std::basic_string<char,std::char_traits<char>,std::allocator<char>>”需要有 dll 接口由 class“Stitcher”的客户端使用
     1>g:\c++\project\stitcher\stitcher_win32_sdk\include\stitcher.h(45): warning C4251: “Stitcher::ba_refine_mask”: class“std::basic_string<char,std::char_traits<char>,std::allocator<char>>”需要有 dll 接口由 class“Stitcher”的客户端使用
     1>g:\c++\project\stitcher\stitcher_win32_sdk\include\stitcher.h(49): warning C4251: “Stitcher::save_graph_to”: class“std::basic_string<char,std::char_traits<char>,std::allocator<char>>”需要有 dll 接口由 class“Stitcher”的客户端使用
     1>g:\c++\project\stitcher\stitcher_win32_sdk\include\stitcher.h(54): warning C4251: “Stitcher::result_name”: class“std::basic_string<char,std::char_traits<char>,std::allocator<char>>”需要有 dll 接口由 class“Stitcher”的客户端使用
       Link:
         C:\Program Files (x86)\Microsoft Visual Studio 12.0\VC\bin\link.exe /ERRORREPORT:PROMPT /OUT:"G:\C++\Project\stitcher\stitcher_win32_sdk\vs_stitcher_demo\Debug\vs_stitcher_demo.exe" /INCREMENTAL /NOLOGO opencv_ml249d.lib opencv_calib3d249d.lib opencv_contrib249d.lib opencv_core249d.lib opencv_features2d249d.lib opencv_flann249d.lib opencv_gpu249d.lib opencv_highgui249d.lib opencv_imgproc249d.lib opencv_legacy249d.lib opencv_objdetect249d.lib opencv_ts249d.lib opencv_video249d.lib opencv_nonfree249d.lib opencv_ocl249d.lib opencv_photo249d.lib opencv_stitching249d.lib opencv_superres249d.lib opencv_videostab249d.lib opencv_objdetect249.lib opencv_ts249.lib opencv_video249.lib opencv_nonfree249.lib opencv_ocl249.lib opencv_photo249.lib opencv_stitching249.lib opencv_superres249.lib opencv_videostab249.lib opencv_calib3d249.lib opencv_contrib249.lib opencv_core249.lib opencv_features2d249.lib opencv_flann249.lib opencv_gpu249.lib opencv_highgui249.lib opencv_imgproc249.lib opencv_legacy249.lib opencv_ml249.lib kernel32.lib user32.lib gdi32.lib winspool.lib comdlg32.lib advapi32.lib shell32.lib ole32.lib oleaut32.lib uuid.lib odbc32.lib odbccp32.lib /MANIFEST /MANIFESTUAC:"level='asInvoker' uiAccess='false'" /manifest:embed /DEBUG /PDB:"G:\C++\Project\stitcher\stitcher_win32_sdk\vs_stitcher_demo\Debug\vs_stitcher_demo.pdb" /SUBSYSTEM:CONSOLE /TLBID:1 /DYNAMICBASE /NXCOMPAT /IMPLIB:"G:\C++\Project\stitcher\stitcher_win32_sdk\vs_stitcher_demo\Debug\vs_stitcher_demo.lib" /MACHINE:X86 Debug\stdafx.obj
         Debug\vs_stitcher_demo.obj
     1>opencv_core249.lib(dxt.obj) : error LNK2038: 检测到“_ITERATOR_DEBUG_LEVEL”的不匹配项:  值“0”不匹配值“2”(vs_stitcher_demo.obj 中)
     1>opencv_core249.lib(dxt.obj) : error LNK2038: 检测到“RuntimeLibrary”的不匹配项:  值“MT_StaticRelease”不匹配值“MTd_StaticDebug”(vs_stitcher_demo.obj 中)
     1>opencv_core249.lib(opencv_core_pch.obj) : error LNK2038: 检测到“_ITERATOR_DEBUG_LEVEL”的不匹配项:  值“0”不匹配值“2”(vs_stitcher_demo.obj 中)
     1>opencv_core249.lib(opencv_core_pch.obj) : error LNK2038: 检测到“RuntimeLibrary”的不匹配项:  值“MT_StaticRelease”不匹配值“MTd_StaticDebug”(vs_stitcher_demo.obj 中)
     1>LIBCMT.lib(invarg.obj) : error LNK2005: "void __cdecl _invalid_parameter(unsigned short const *,unsigned short const *,unsigned short const *,unsigned int,unsigned int)" (?_invalid_parameter@@YAXPBG00II@Z) 已经在 LIBCMTD.lib(invarg.obj) 中定义
     1>LIBCMT.lib(invarg.obj) : error LNK2005: "void __cdecl _invoke_watson(unsigned short const *,unsigned short const *,unsigned short const *,unsigned int,unsigned int)" (?_invoke_watson@@YAXPBG00II@Z) 已经在 LIBCMTD.lib(invarg.obj) 中定义
     1>LIBCMT.lib(invarg.obj) : error LNK2005: __call_reportfault 已经在 LIBCMTD.lib(invarg.obj) 中定义
     1>LIBCMT.lib(invarg.obj) : error LNK2005: __get_invalid_parameter_handler 已经在 LIBCMTD.lib(invarg.obj) 中定义
     1>LIBCMT.lib(invarg.obj) : error LNK2005: __initp_misc_invarg 已经在 LIBCMTD.lib(invarg.obj) 中定义
     1>LIBCMT.lib(invarg.obj) : error LNK2005: __invalid_parameter 已经在 LIBCMTD.lib(invarg.obj) 中定义
     1>LIBCMT.lib(invarg.obj) : error LNK2005: __invoke_watson 已经在 LIBCMTD.lib(invarg.obj) 中定义
     1>LIBCMT.lib(invarg.obj) : error LNK2005: __set_invalid_parameter_handler 已经在 LIBCMTD.lib(invarg.obj) 中定义
     1>LIBCMT.lib(invarg.obj) : error LNK2005: ___pInvalidArgHandler 已经在 LIBCMTD.lib(invarg.obj) 中定义
     1>LINK : warning LNK4098: 默认库“LIBCMT”与其他库的使用冲突；请使用 /NODEFAULTLIB:library
     1>vs_stitcher_demo.obj : error LNK2019: 无法解析的外部符号 "__declspec(dllimport) public: __thiscall Stitcher::Stitcher(void)" (__imp_??0Stitcher@@QAE@XZ)，该符号在函数 _wmain 中被引用
     1>vs_stitcher_demo.obj : error LNK2019: 无法解析的外部符号 "__declspec(dllimport) public: __thiscall Stitcher::~Stitcher(void)" (__imp_??1Stitcher@@QAE@XZ)，该符号在函数 _wmain 中被引用
     1>vs_stitcher_demo.obj : error LNK2019: 无法解析的外部符号 "__declspec(dllimport) public: class cv::Mat __thiscall Stitcher::stichImg(class std::vector<class cv::Mat,class std::allocator<class cv::Mat> >)" (__imp_?stichImg@Stitcher@@QAE?AVMat@cv@@V?$vector@VMat@cv@@V?$allocator@VMat@cv@@@std@@@std@@@Z)，该符号在函数 _wmain 中被引用
     1>opencv_core249d.lib(persistence.obj) : error LNK2019: 无法解析的外部符号 _gzputs，该符号在函数 "void __cdecl icvPuts(struct CvFileStorage *,char const *)" (?icvPuts@@YAXPAUCvFileStorage@@PBD@Z) 中被引用
     1>opencv_core249d.lib(persistence.obj) : error LNK2019: 无法解析的外部符号 _gzgets，该符号在函数 "char * __cdecl icvGets(struct CvFileStorage *,char *,int)" (?icvGets@@YAPADPAUCvFileStorage@@PADH@Z) 中被引用
     1>opencv_core249d.lib(persistence.obj) : error LNK2019: 无法解析的外部符号 _gzrewind，该符号在函数 "void __cdecl icvRewind(struct CvFileStorage *)" (?icvRewind@@YAXPAUCvFileStorage@@@Z) 中被引用
     1>opencv_core249d.lib(persistence.obj) : error LNK2019: 无法解析的外部符号 _gzeof，该符号在函数 "int __cdecl icvEof(struct CvFileStorage *)" (?icvEof@@YAHPAUCvFileStorage@@@Z) 中被引用
     1>opencv_core249d.lib(persistence.obj) : error LNK2019: 无法解析的外部符号 _gzclose，该符号在函数 "void __cdecl icvCloseFile(struct CvFileStorage *)" (?icvCloseFile@@YAXPAUCvFileStorage@@@Z) 中被引用
     1>opencv_core249d.lib(persistence.obj) : error LNK2019: 无法解析的外部符号 _gzopen，该符号在函数 _cvOpenFileStorage 中被引用
     1>opencv_highgui249d.lib(window_w32.obj) : error LNK2019: 无法解析的外部符号 __imp__CreateToolbarEx@52，该符号在函数 "int __cdecl icvCreateTrackbar(char const *,char const *,int *,int,void (__cdecl*)(int),void (__cdecl*)(int,void *),void *)" (?icvCreateTrackbar@@YAHPBD0PAHHP6AXH@ZP6AXHPAX@Z3@Z) 中被引用
     1>opencv_highgui249d.lib(grfmt_jpeg.obj) : error LNK2019: 无法解析的外部符号 _jpeg_std_error，该符号在函数 "public: virtual bool __thiscall cv::JpegDecoder::readHeader(void)" (?readHeader@JpegDecoder@cv@@UAE_NXZ) 中被引用
     1>opencv_highgui249d.lib(grfmt_jpeg.obj) : error LNK2019: 无法解析的外部符号 _jpeg_CreateCompress，该符号在函数 "public: virtual bool __thiscall cv::JpegEncoder::write(class cv::Mat const &,class std::vector<int,class std::allocator<int> > const &)" (?write@JpegEncoder@cv@@UAE_NABVMat@2@ABV?$vector@HV?$allocator@H@std@@@std@@@Z) 中被引用
     1>opencv_highgui249d.lib(grfmt_jpeg.obj) : error LNK2019: 无法解析的外部符号 _jpeg_CreateDecompress，该符号在函数 "public: virtual bool __thiscall cv::JpegDecoder::readHeader(void)" (?readHeader@JpegDecoder@cv@@UAE_NXZ) 中被引用
     1>opencv_highgui249d.lib(grfmt_jpeg.obj) : error LNK2019: 无法解析的外部符号 _jpeg_destroy_compress，该符号在函数 "public: virtual bool __thiscall cv::JpegEncoder::write(class cv::Mat const &,class std::vector<int,class std::allocator<int> > const &)" (?write@JpegEncoder@cv@@UAE_NABVMat@2@ABV?$vector@HV?$allocator@H@std@@@std@@@Z) 中被引用
     1>opencv_highgui249d.lib(grfmt_jpeg.obj) : error LNK2019: 无法解析的外部符号 _jpeg_destroy_decompress，该符号在函数 "public: void __thiscall cv::JpegDecoder::close(void)" (?close@JpegDecoder@cv@@QAEXXZ) 中被引用
     1>opencv_highgui249d.lib(grfmt_jpeg.obj) : error LNK2019: 无法解析的外部符号 _jpeg_stdio_dest，该符号在函数 "public: virtual bool __thiscall cv::JpegEncoder::write(class cv::Mat const &,class std::vector<int,class std::allocator<int> > const &)" (?write@JpegEncoder@cv@@UAE_NABVMat@2@ABV?$vector@HV?$allocator@H@std@@@std@@@Z) 中被引用
     1>opencv_highgui249d.lib(grfmt_jpeg.obj) : error LNK2019: 无法解析的外部符号 _jpeg_stdio_src，该符号在函数 "public: virtual bool __thiscall cv::JpegDecoder::readHeader(void)" (?readHeader@JpegDecoder@cv@@UAE_NXZ) 中被引用
     1>opencv_highgui249d.lib(grfmt_jpeg.obj) : error LNK2019: 无法解析的外部符号 _jpeg_set_defaults，该符号在函数 "public: virtual bool __thiscall cv::JpegEncoder::write(class cv::Mat const &,class std::vector<int,class std::allocator<int> > const &)" (?write@JpegEncoder@cv@@UAE_NABVMat@2@ABV?$vector@HV?$allocator@H@std@@@std@@@Z) 中被引用
     1>opencv_highgui249d.lib(grfmt_jpeg.obj) : error LNK2019: 无法解析的外部符号 _jpeg_set_quality，该符号在函数 "public: virtual bool __thiscall cv::JpegEncoder::write(class cv::Mat const &,class std::vector<int,class std::allocator<int> > const &)" (?write@JpegEncoder@cv@@UAE_NABVMat@2@ABV?$vector@HV?$allocator@H@std@@@std@@@Z) 中被引用
     1>opencv_highgui249d.lib(grfmt_jpeg.obj) : error LNK2019: 无法解析的外部符号 _jpeg_alloc_huff_table，该符号在函数 "int __cdecl cv::my_jpeg_load_dht(struct jpeg_decompress_struct *,unsigned char *,struct JHUFF_TBL * * const,struct JHUFF_TBL * * const)" (?my_jpeg_load_dht@cv@@YAHPAUjpeg_decompress_struct@@PAEQAPAUJHUFF_TBL@@2@Z) 中被引用
     1>opencv_highgui249d.lib(grfmt_jpeg.obj) : error LNK2019: 无法解析的外部符号 _jpeg_start_compress，该符号在函数 "public: virtual bool __thiscall cv::JpegEncoder::write(class cv::Mat const &,class std::vector<int,class std::allocator<int> > const &)" (?write@JpegEncoder@cv@@UAE_NABVMat@2@ABV?$vector@HV?$allocator@H@std@@@std@@@Z) 中被引用
     1>opencv_highgui249d.lib(grfmt_jpeg.obj) : error LNK2019: 无法解析的外部符号 _jpeg_write_scanlines，该符号在函数 "public: virtual bool __thiscall cv::JpegEncoder::write(class cv::Mat const &,class std::vector<int,class std::allocator<int> > const &)" (?write@JpegEncoder@cv@@UAE_NABVMat@2@ABV?$vector@HV?$allocator@H@std@@@std@@@Z) 中被引用
     1>opencv_highgui249d.lib(grfmt_jpeg.obj) : error LNK2019: 无法解析的外部符号 _jpeg_finish_compress，该符号在函数 "public: virtual bool __thiscall cv::JpegEncoder::write(class cv::Mat const &,class std::vector<int,class std::allocator<int> > const &)" (?write@JpegEncoder@cv@@UAE_NABVMat@2@ABV?$vector@HV?$allocator@H@std@@@std@@@Z) 中被引用
     1>opencv_highgui249d.lib(grfmt_jpeg.obj) : error LNK2019: 无法解析的外部符号 _jpeg_read_header，该符号在函数 "public: virtual bool __thiscall cv::JpegDecoder::readHeader(void)" (?readHeader@JpegDecoder@cv@@UAE_NXZ) 中被引用
     1>opencv_highgui249d.lib(grfmt_jpeg.obj) : error LNK2019: 无法解析的外部符号 _jpeg_start_decompress，该符号在函数 "public: virtual bool __thiscall cv::JpegDecoder::readData(class cv::Mat &)" (?readData@JpegDecoder@cv@@UAE_NAAVMat@2@@Z) 中被引用
     1>opencv_highgui249d.lib(grfmt_jpeg.obj) : error LNK2019: 无法解析的外部符号 _jpeg_read_scanlines，该符号在函数 "public: virtual bool __thiscall cv::JpegDecoder::readData(class cv::Mat &)" (?readData@JpegDecoder@cv@@UAE_NAAVMat@2@@Z) 中被引用
     1>opencv_highgui249d.lib(grfmt_jpeg.obj) : error LNK2019: 无法解析的外部符号 _jpeg_finish_decompress，该符号在函数 "public: virtual bool __thiscall cv::JpegDecoder::readData(class cv::Mat &)" (?readData@JpegDecoder@cv@@UAE_NAAVMat@2@@Z) 中被引用
     1>opencv_highgui249d.lib(grfmt_jpeg.obj) : error LNK2019: 无法解析的外部符号 _jpeg_resync_to_restart，该符号在函数 "void __cdecl cv::jpeg_buffer_src(struct jpeg_decompress_struct *,struct cv::JpegSource *)" (?jpeg_buffer_src@cv@@YAXPAUjpeg_decompress_struct@@PAUJpegSource@1@@Z) 中被引用
     1>opencv_highgui249d.lib(grfmt_tiff.obj) : error LNK2019: 无法解析的外部符号 _TIFFClose，该符号在函数 "public: void __thiscall cv::TiffDecoder::close(void)" (?close@TiffDecoder@cv@@QAEXXZ) 中被引用
     1>opencv_highgui249d.lib(grfmt_tiff.obj) : error LNK2019: 无法解析的外部符号 _TIFFGetField，该符号在函数 "public: virtual bool __thiscall cv::TiffDecoder::readData(class cv::Mat &)" (?readData@TiffDecoder@cv@@UAE_NAAVMat@2@@Z) 中被引用
     1>opencv_highgui249d.lib(grfmt_tiff.obj) : error LNK2019: 无法解析的外部符号 _TIFFScanlineSize，该符号在函数 "protected: bool __thiscall cv::TiffEncoder::writeLibTiff(class cv::Mat const &,class std::vector<int,class std::allocator<int> > const &)" (?writeLibTiff@TiffEncoder@cv@@IAE_NABVMat@2@ABV?$vector@HV?$allocator@H@std@@@std@@@Z) 中被引用
     1>opencv_highgui249d.lib(grfmt_tiff.obj) : error LNK2019: 无法解析的外部符号 _TIFFIsTiled，该符号在函数 "public: virtual bool __thiscall cv::TiffDecoder::readData(class cv::Mat &)" (?readData@TiffDecoder@cv@@UAE_NAAVMat@2@@Z) 中被引用
     1>opencv_highgui249d.lib(grfmt_tiff.obj) : error LNK2019: 无法解析的外部符号 _TIFFSetField，该符号在函数 "protected: bool __thiscall cv::TiffEncoder::writeLibTiff(class cv::Mat const &,class std::vector<int,class std::allocator<int> > const &)" (?writeLibTiff@TiffEncoder@cv@@IAE_NABVMat@2@ABV?$vector@HV?$allocator@H@std@@@std@@@Z) 中被引用
     1>opencv_highgui249d.lib(grfmt_tiff.obj) : error LNK2019: 无法解析的外部符号 _TIFFWriteScanline，该符号在函数 "protected: bool __thiscall cv::TiffEncoder::writeLibTiff(class cv::Mat const &,class std::vector<int,class std::allocator<int> > const &)" (?writeLibTiff@TiffEncoder@cv@@IAE_NABVMat@2@ABV?$vector@HV?$allocator@H@std@@@std@@@Z) 中被引用
     1>opencv_highgui249d.lib(grfmt_tiff.obj) : error LNK2019: 无法解析的外部符号 _TIFFReadRGBAStrip，该符号在函数 "public: virtual bool __thiscall cv::TiffDecoder::readData(class cv::Mat &)" (?readData@TiffDecoder@cv@@UAE_NAAVMat@2@@Z) 中被引用
     1>opencv_highgui249d.lib(grfmt_tiff.obj) : error LNK2019: 无法解析的外部符号 _TIFFReadRGBATile，该符号在函数 "public: virtual bool __thiscall cv::TiffDecoder::readData(class cv::Mat &)" (?readData@TiffDecoder@cv@@UAE_NAAVMat@2@@Z) 中被引用
     1>opencv_highgui249d.lib(grfmt_tiff.obj) : error LNK2019: 无法解析的外部符号 _TIFFRGBAImageOK，该符号在函数 "public: virtual bool __thiscall cv::TiffDecoder::readData(class cv::Mat &)" (?readData@TiffDecoder@cv@@UAE_NAAVMat@2@@Z) 中被引用
     1>opencv_highgui249d.lib(grfmt_tiff.obj) : error LNK2019: 无法解析的外部符号 _TIFFOpen，该符号在函数 "public: virtual bool __thiscall cv::TiffDecoder::readHeader(void)" (?readHeader@TiffDecoder@cv@@UAE_NXZ) 中被引用
     1>opencv_highgui249d.lib(grfmt_tiff.obj) : error LNK2019: 无法解析的外部符号 _TIFFSetErrorHandler，该符号在函数 "public: __thiscall cv::TiffDecoder::TiffDecoder(void)" (??0TiffDecoder@cv@@QAE@XZ) 中被引用
     1>opencv_highgui249d.lib(grfmt_tiff.obj) : error LNK2019: 无法解析的外部符号 _TIFFSetWarningHandler，该符号在函数 "public: __thiscall cv::TiffDecoder::TiffDecoder(void)" (??0TiffDecoder@cv@@QAE@XZ) 中被引用
     1>opencv_highgui249d.lib(grfmt_tiff.obj) : error LNK2019: 无法解析的外部符号 _TIFFReadEncodedStrip，该符号在函数 "public: virtual bool __thiscall cv::TiffDecoder::readData(class cv::Mat &)" (?readData@TiffDecoder@cv@@UAE_NAAVMat@2@@Z) 中被引用
     1>opencv_highgui249d.lib(grfmt_tiff.obj) : error LNK2019: 无法解析的外部符号 _TIFFReadEncodedTile，该符号在函数 "public: virtual bool __thiscall cv::TiffDecoder::readData(class cv::Mat &)" (?readData@TiffDecoder@cv@@UAE_NAAVMat@2@@Z) 中被引用
     1>opencv_highgui249d.lib(grfmt_png.obj) : error LNK2019: 无法解析的外部符号 _png_create_read_struct，该符号在函数 "public: virtual bool __thiscall cv::PngDecoder::readHeader(void)" (?readHeader@PngDecoder@cv@@UAE_NXZ) 中被引用
     1>opencv_highgui249d.lib(grfmt_png.obj) : error LNK2019: 无法解析的外部符号 _png_create_write_struct，该符号在函数 "public: virtual bool __thiscall cv::PngEncoder::write(class cv::Mat const &,class std::vector<int,class std::allocator<int> > const &)" (?write@PngEncoder@cv@@UAE_NABVMat@2@ABV?$vector@HV?$allocator@H@std@@@std@@@Z) 中被引用
     1>opencv_highgui249d.lib(grfmt_png.obj) : error LNK2019: 无法解析的外部符号 _png_set_longjmp_fn，该符号在函数 "public: virtual bool __thiscall cv::PngDecoder::readData(class cv::Mat &)" (?readData@PngDecoder@cv@@UAE_NAAVMat@2@@Z) 中被引用
     1>opencv_highgui249d.lib(grfmt_png.obj) : error LNK2019: 无法解析的外部符号 _png_create_info_struct，该符号在函数 "public: virtual bool __thiscall cv::PngDecoder::readHeader(void)" (?readHeader@PngDecoder@cv@@UAE_NXZ) 中被引用
     1>opencv_highgui249d.lib(grfmt_png.obj) : error LNK2019: 无法解析的外部符号 _png_write_info，该符号在函数 "public: virtual bool __thiscall cv::PngEncoder::write(class cv::Mat const &,class std::vector<int,class std::allocator<int> > const &)" (?write@PngEncoder@cv@@UAE_NABVMat@2@ABV?$vector@HV?$allocator@H@std@@@std@@@Z) 中被引用
     1>opencv_highgui249d.lib(grfmt_png.obj) : error LNK2019: 无法解析的外部符号 _png_read_info，该符号在函数 "public: virtual bool __thiscall cv::PngDecoder::readHeader(void)" (?readHeader@PngDecoder@cv@@UAE_NXZ) 中被引用
     1>opencv_highgui249d.lib(grfmt_png.obj) : error LNK2019: 无法解析的外部符号 _png_set_expand_gray_1_2_4_to_8，该符号在函数 "public: virtual bool __thiscall cv::PngDecoder::readData(class cv::Mat &)" (?readData@PngDecoder@cv@@UAE_NAAVMat@2@@Z) 中被引用
     1>opencv_highgui249d.lib(grfmt_png.obj) : error LNK2019: 无法解析的外部符号 _png_set_palette_to_rgb，该符号在函数 "public: virtual bool __thiscall cv::PngDecoder::readData(class cv::Mat &)" (?readData@PngDecoder@cv@@UAE_NAAVMat@2@@Z) 中被引用
     1>opencv_highgui249d.lib(grfmt_png.obj) : error LNK2019: 无法解析的外部符号 _png_set_bgr，该符号在函数 "public: virtual bool __thiscall cv::PngDecoder::readData(class cv::Mat &)" (?readData@PngDecoder@cv@@UAE_NAAVMat@2@@Z) 中被引用
     1>opencv_highgui249d.lib(grfmt_png.obj) : error LNK2019: 无法解析的外部符号 _png_set_gray_to_rgb，该符号在函数 "public: virtual bool __thiscall cv::PngDecoder::readData(class cv::Mat &)" (?readData@PngDecoder@cv@@UAE_NAAVMat@2@@Z) 中被引用
     1>opencv_highgui249d.lib(grfmt_png.obj) : error LNK2019: 无法解析的外部符号 _png_set_rgb_to_gray，该符号在函数 "public: virtual bool __thiscall cv::PngDecoder::readData(class cv::Mat &)" (?readData@PngDecoder@cv@@UAE_NAAVMat@2@@Z) 中被引用
     1>opencv_highgui249d.lib(grfmt_png.obj) : error LNK2019: 无法解析的外部符号 _png_set_strip_alpha，该符号在函数 "public: virtual bool __thiscall cv::PngDecoder::readData(class cv::Mat &)" (?readData@PngDecoder@cv@@UAE_NAAVMat@2@@Z) 中被引用
     1>opencv_highgui249d.lib(grfmt_png.obj) : error LNK2019: 无法解析的外部符号 _png_set_swap，该符号在函数 "public: virtual bool __thiscall cv::PngDecoder::readData(class cv::Mat &)" (?readData@PngDecoder@cv@@UAE_NAAVMat@2@@Z) 中被引用
     1>opencv_highgui249d.lib(grfmt_png.obj) : error LNK2019: 无法解析的外部符号 _png_set_packing，该符号在函数 "public: virtual bool __thiscall cv::PngEncoder::write(class cv::Mat const &,class std::vector<int,class std::allocator<int> > const &)" (?write@PngEncoder@cv@@UAE_NABVMat@2@ABV?$vector@HV?$allocator@H@std@@@std@@@Z) 中被引用
     1>opencv_highgui249d.lib(grfmt_png.obj) : error LNK2019: 无法解析的外部符号 _png_set_interlace_handling，该符号在函数 "public: virtual bool __thiscall cv::PngDecoder::readData(class cv::Mat &)" (?readData@PngDecoder@cv@@UAE_NAAVMat@2@@Z) 中被引用
     1>opencv_highgui249d.lib(grfmt_png.obj) : error LNK2019: 无法解析的外部符号 _png_set_strip_16，该符号在函数 "public: virtual bool __thiscall cv::PngDecoder::readData(class cv::Mat &)" (?readData@PngDecoder@cv@@UAE_NAAVMat@2@@Z) 中被引用
     1>opencv_highgui249d.lib(grfmt_png.obj) : error LNK2019: 无法解析的外部符号 _png_read_update_info，该符号在函数 "public: virtual bool __thiscall cv::PngDecoder::readData(class cv::Mat &)" (?readData@PngDecoder@cv@@UAE_NAAVMat@2@@Z) 中被引用
     1>opencv_highgui249d.lib(grfmt_png.obj) : error LNK2019: 无法解析的外部符号 _png_read_image，该符号在函数 "public: virtual bool __thiscall cv::PngDecoder::readData(class cv::Mat &)" (?readData@PngDecoder@cv@@UAE_NAAVMat@2@@Z) 中被引用
     1>opencv_highgui249d.lib(grfmt_png.obj) : error LNK2019: 无法解析的外部符号 _png_write_image，该符号在函数 "public: virtual bool __thiscall cv::PngEncoder::write(class cv::Mat const &,class std::vector<int,class std::allocator<int> > const &)" (?write@PngEncoder@cv@@UAE_NABVMat@2@ABV?$vector@HV?$allocator@H@std@@@std@@@Z) 中被引用
     1>opencv_highgui249d.lib(grfmt_png.obj) : error LNK2019: 无法解析的外部符号 _png_write_end，该符号在函数 "public: virtual bool __thiscall cv::PngEncoder::write(class cv::Mat const &,class std::vector<int,class std::allocator<int> > const &)" (?write@PngEncoder@cv@@UAE_NABVMat@2@ABV?$vector@HV?$allocator@H@std@@@std@@@Z) 中被引用
     1>opencv_highgui249d.lib(grfmt_png.obj) : error LNK2019: 无法解析的外部符号 _png_read_end，该符号在函数 "public: virtual bool __thiscall cv::PngDecoder::readData(class cv::Mat &)" (?readData@PngDecoder@cv@@UAE_NAAVMat@2@@Z) 中被引用
     1>opencv_highgui249d.lib(grfmt_png.obj) : error LNK2019: 无法解析的外部符号 _png_destroy_read_struct，该符号在函数 "public: void __thiscall cv::PngDecoder::close(void)" (?close@PngDecoder@cv@@QAEXXZ) 中被引用
     1>opencv_highgui249d.lib(grfmt_png.obj) : error LNK2019: 无法解析的外部符号 _png_destroy_write_struct，该符号在函数 "public: virtual bool __thiscall cv::PngEncoder::write(class cv::Mat const &,class std::vector<int,class std::allocator<int> > const &)" (?write@PngEncoder@cv@@UAE_NABVMat@2@ABV?$vector@HV?$allocator@H@std@@@std@@@Z) 中被引用
     1>opencv_highgui249d.lib(grfmt_png.obj) : error LNK2019: 无法解析的外部符号 _png_set_filter，该符号在函数 "public: virtual bool __thiscall cv::PngEncoder::write(class cv::Mat const &,class std::vector<int,class std::allocator<int> > const &)" (?write@PngEncoder@cv@@UAE_NABVMat@2@ABV?$vector@HV?$allocator@H@std@@@std@@@Z) 中被引用
     1>opencv_highgui249d.lib(grfmt_png.obj) : error LNK2019: 无法解析的外部符号 _png_set_compression_level，该符号在函数 "public: virtual bool __thiscall cv::PngEncoder::write(class cv::Mat const &,class std::vector<int,class std::allocator<int> > const &)" (?write@PngEncoder@cv@@UAE_NABVMat@2@ABV?$vector@HV?$allocator@H@std@@@std@@@Z) 中被引用
     1>opencv_highgui249d.lib(grfmt_png.obj) : error LNK2019: 无法解析的外部符号 _png_set_compression_strategy，该符号在函数 "public: virtual bool __thiscall cv::PngEncoder::write(class cv::Mat const &,class std::vector<int,class std::allocator<int> > const &)" (?write@PngEncoder@cv@@UAE_NABVMat@2@ABV?$vector@HV?$allocator@H@std@@@std@@@Z) 中被引用
     1>opencv_highgui249d.lib(grfmt_png.obj) : error LNK2019: 无法解析的外部符号 _png_init_io，该符号在函数 "public: virtual bool __thiscall cv::PngDecoder::readHeader(void)" (?readHeader@PngDecoder@cv@@UAE_NXZ) 中被引用
     1>opencv_highgui249d.lib(grfmt_png.obj) : error LNK2019: 无法解析的外部符号 _png_set_write_fn，该符号在函数 "public: virtual bool __thiscall cv::PngEncoder::write(class cv::Mat const &,class std::vector<int,class std::allocator<int> > const &)" (?write@PngEncoder@cv@@UAE_NABVMat@2@ABV?$vector@HV?$allocator@H@std@@@std@@@Z) 中被引用
     1>opencv_highgui249d.lib(grfmt_png.obj) : error LNK2019: 无法解析的外部符号 _png_set_read_fn，该符号在函数 "public: virtual bool __thiscall cv::PngDecoder::readHeader(void)" (?readHeader@PngDecoder@cv@@UAE_NXZ) 中被引用
     1>opencv_highgui249d.lib(grfmt_png.obj) : error LNK2019: 无法解析的外部符号 _png_get_io_ptr，该符号在函数 "protected: static void __cdecl cv::PngDecoder::readDataFromBuf(void *,unsigned char *,unsigned int)" (?readDataFromBuf@PngDecoder@cv@@KAXPAXPAEI@Z) 中被引用
     1>opencv_highgui249d.lib(grfmt_png.obj) : error LNK2019: 无法解析的外部符号 _png_error，该符号在函数 "protected: static void __cdecl cv::PngDecoder::readDataFromBuf(void *,unsigned char *,unsigned int)" (?readDataFromBuf@PngDecoder@cv@@KAXPAXPAEI@Z) 中被引用
     1>opencv_highgui249d.lib(grfmt_png.obj) : error LNK2019: 无法解析的外部符号 _png_get_IHDR，该符号在函数 "public: virtual bool __thiscall cv::PngDecoder::readHeader(void)" (?readHeader@PngDecoder@cv@@UAE_NXZ) 中被引用
     1>opencv_highgui249d.lib(grfmt_png.obj) : error LNK2019: 无法解析的外部符号 _png_set_IHDR，该符号在函数 "public: virtual bool __thiscall cv::PngEncoder::write(class cv::Mat const &,class std::vector<int,class std::allocator<int> > const &)" (?write@PngEncoder@cv@@UAE_NABVMat@2@ABV?$vector@HV?$allocator@H@std@@@std@@@Z) 中被引用
     1>opencv_highgui249d.lib(grfmt_png.obj) : error LNK2019: 无法解析的外部符号 _png_get_tRNS，该符号在函数 "public: virtual bool __thiscall cv::PngDecoder::readHeader(void)" (?readHeader@PngDecoder@cv@@UAE_NXZ) 中被引用
     1>opencv_highgui249d.lib(grfmt_jpeg2000.obj) : error LNK2019: 无法解析的外部符号 _jas_init，该符号在函数 "public: __thiscall cv::JasperInitializer::JasperInitializer(void)" (??0JasperInitializer@cv@@QAE@XZ) 中被引用
     1>opencv_highgui249d.lib(grfmt_jpeg2000.obj) : error LNK2019: 无法解析的外部符号 _jas_cleanup，该符号在函数 "public: __thiscall cv::JasperInitializer::~JasperInitializer(void)" (??1JasperInitializer@cv@@QAE@XZ) 中被引用
     1>opencv_highgui249d.lib(grfmt_jpeg2000.obj) : error LNK2019: 无法解析的外部符号 _jas_stream_fopen，该符号在函数 "public: virtual bool __thiscall cv::Jpeg2KDecoder::readHeader(void)" (?readHeader@Jpeg2KDecoder@cv@@UAE_NXZ) 中被引用
     1>opencv_highgui249d.lib(grfmt_jpeg2000.obj) : error LNK2019: 无法解析的外部符号 _jas_stream_close，该符号在函数 "public: void __thiscall cv::Jpeg2KDecoder::close(void)" (?close@Jpeg2KDecoder@cv@@QAEXXZ) 中被引用
     1>opencv_highgui249d.lib(grfmt_jpeg2000.obj) : error LNK2019: 无法解析的外部符号 _jas_cmprof_destroy，该符号在函数 "public: virtual bool __thiscall cv::Jpeg2KDecoder::readData(class cv::Mat &)" (?readData@Jpeg2KDecoder@cv@@UAE_NAAVMat@2@@Z) 中被引用
     1>opencv_highgui249d.lib(grfmt_jpeg2000.obj) : error LNK2019: 无法解析的外部符号 _jas_cmprof_createfromclrspc，该符号在函数 "public: virtual bool __thiscall cv::Jpeg2KDecoder::readData(class cv::Mat &)" (?readData@Jpeg2KDecoder@cv@@UAE_NAAVMat@2@@Z) 中被引用
     1>opencv_highgui249d.lib(grfmt_jpeg2000.obj) : error LNK2019: 无法解析的外部符号 _jas_matrix_create，该符号在函数 "public: virtual bool __thiscall cv::Jpeg2KDecoder::readData(class cv::Mat &)" (?readData@Jpeg2KDecoder@cv@@UAE_NAAVMat@2@@Z) 中被引用
     1>opencv_highgui249d.lib(grfmt_jpeg2000.obj) : error LNK2019: 无法解析的外部符号 _jas_matrix_destroy，该符号在函数 "public: virtual bool __thiscall cv::Jpeg2KDecoder::readData(class cv::Mat &)" (?readData@Jpeg2KDecoder@cv@@UAE_NAAVMat@2@@Z) 中被引用
     1>opencv_highgui249d.lib(grfmt_jpeg2000.obj) : error LNK2019: 无法解析的外部符号 _jas_image_create，该符号在函数 "public: virtual bool __thiscall cv::Jpeg2KEncoder::write(class cv::Mat const &,class std::vector<int,class std::allocator<int> > const &)" (?write@Jpeg2KEncoder@cv@@UAE_NABVMat@2@ABV?$vector@HV?$allocator@H@std@@@std@@@Z) 中被引用
     1>opencv_highgui249d.lib(grfmt_jpeg2000.obj) : error LNK2019: 无法解析的外部符号 _jas_image_destroy，该符号在函数 "public: void __thiscall cv::Jpeg2KDecoder::close(void)" (?close@Jpeg2KDecoder@cv@@QAEXXZ) 中被引用
     1>opencv_highgui249d.lib(grfmt_jpeg2000.obj) : error LNK2019: 无法解析的外部符号 _jas_image_decode，该符号在函数 "public: virtual bool __thiscall cv::Jpeg2KDecoder::readHeader(void)" (?readHeader@Jpeg2KDecoder@cv@@UAE_NXZ) 中被引用
     1>opencv_highgui249d.lib(grfmt_jpeg2000.obj) : error LNK2019: 无法解析的外部符号 _jas_image_encode，该符号在函数 "public: virtual bool __thiscall cv::Jpeg2KEncoder::write(class cv::Mat const &,class std::vector<int,class std::allocator<int> > const &)" (?write@Jpeg2KEncoder@cv@@UAE_NABVMat@2@ABV?$vector@HV?$allocator@H@std@@@std@@@Z) 中被引用
     1>opencv_highgui249d.lib(grfmt_jpeg2000.obj) : error LNK2019: 无法解析的外部符号 _jas_image_readcmpt，该符号在函数 "public: virtual bool __thiscall cv::Jpeg2KDecoder::readData(class cv::Mat &)" (?readData@Jpeg2KDecoder@cv@@UAE_NAAVMat@2@@Z) 中被引用
     1>opencv_highgui249d.lib(grfmt_jpeg2000.obj) : error LNK2019: 无法解析的外部符号 _jas_image_writecmpt，该符号在函数 "protected: bool __thiscall cv::Jpeg2KEncoder::writeComponent16u(void *,class cv::Mat const &)" (?writeComponent16u@Jpeg2KEncoder@cv@@IAE_NPAXABVMat@2@@Z) 中被引用
     1>opencv_highgui249d.lib(grfmt_jpeg2000.obj) : error LNK2019: 无法解析的外部符号 _jas_image_getcmptbytype，该符号在函数 "public: virtual bool __thiscall cv::Jpeg2KDecoder::readData(class cv::Mat &)" (?readData@Jpeg2KDecoder@cv@@UAE_NAAVMat@2@@Z) 中被引用
     1>opencv_highgui249d.lib(grfmt_jpeg2000.obj) : error LNK2019: 无法解析的外部符号 _jas_image_strtofmt，该符号在函数 "public: virtual bool __thiscall cv::Jpeg2KEncoder::write(class cv::Mat const &,class std::vector<int,class std::allocator<int> > const &)" (?write@Jpeg2KEncoder@cv@@UAE_NABVMat@2@ABV?$vector@HV?$allocator@H@std@@@std@@@Z) 中被引用
     1>opencv_highgui249d.lib(grfmt_jpeg2000.obj) : error LNK2019: 无法解析的外部符号 _jas_image_chclrspc，该符号在函数 "public: virtual bool __thiscall cv::Jpeg2KDecoder::readData(class cv::Mat &)" (?readData@Jpeg2KDecoder@cv@@UAE_NAAVMat@2@@Z) 中被引用
     1>opencv_highgui249d.lib(grfmt_exr.obj) : error LNK2019: 无法解析的外部符号 "public: __thiscall Imf::Header::Header(int,int,float,class Imath::Vec2<float> const &,float,enum Imf::LineOrder,enum Imf::Compression)" (??0Header@Imf@@QAE@HHMABV?$Vec2@M@Imath@@MW4LineOrder@1@W4Compression@1@@Z)，该符号在函数 "public: virtual bool __thiscall cv::ExrEncoder::write(class cv::Mat const &,class std::vector<int,class std::allocator<int> > const &)" (?write@ExrEncoder@cv@@UAE_NABVMat@2@ABV?$vector@HV?$allocator@H@std@@@std@@@Z) 中被引用
     1>opencv_highgui249d.lib(grfmt_exr.obj) : error LNK2019: 无法解析的外部符号 "public: __thiscall Imf::Header::~Header(void)" (??1Header@Imf@@QAE@XZ)，该符号在函数 __catch$?write@ExrEncoder@cv@@UAE_NABVMat@2@ABV?$vector@HV?$allocator@H@std@@@std@@@Z$2 中被引用
     1>opencv_highgui249d.lib(grfmt_exr.obj) : error LNK2019: 无法解析的外部符号 "public: class Imath::Box<class Imath::Vec2<int> > const & __thiscall Imf::Header::dataWindow(void)const " (?dataWindow@Header@Imf@@QBEABV?$Box@V?$Vec2@H@Imath@@@Imath@@XZ)，该符号在函数 "public: virtual bool __thiscall cv::ExrDecoder::readHeader(void)" (?readHeader@ExrDecoder@cv@@UAE_NXZ) 中被引用
     1>opencv_highgui249d.lib(grfmt_exr.obj) : error LNK2019: 无法解析的外部符号 "public: class Imf::ChannelList & __thiscall Imf::Header::channels(void)" (?channels@Header@Imf@@QAEAAVChannelList@2@XZ)，该符号在函数 "public: virtual bool __thiscall cv::ExrEncoder::write(class cv::Mat const &,class std::vector<int,class std::allocator<int> > const &)" (?write@ExrEncoder@cv@@UAE_NABVMat@2@ABV?$vector@HV?$allocator@H@std@@@std@@@Z) 中被引用
     1>opencv_highgui249d.lib(grfmt_exr.obj) : error LNK2019: 无法解析的外部符号 "public: class Imf::ChannelList const & __thiscall Imf::Header::channels(void)const " (?channels@Header@Imf@@QBEABVChannelList@2@XZ)，该符号在函数 "public: virtual bool __thiscall cv::ExrDecoder::readHeader(void)" (?readHeader@ExrDecoder@cv@@UAE_NXZ) 中被引用
     1>opencv_highgui249d.lib(grfmt_exr.obj) : error LNK2019: 无法解析的外部符号 "public: __thiscall Imf::Slice::Slice(enum Imf::PixelType,char *,unsigned int,unsigned int,int,int,double,bool,bool)" (??0Slice@Imf@@QAE@W4PixelType@1@PADIIHHN_N2@Z)，该符号在函数 "public: virtual bool __thiscall cv::ExrDecoder::readData(class cv::Mat &)" (?readData@ExrDecoder@cv@@UAE_NAAVMat@2@@Z) 中被引用
     1>opencv_highgui249d.lib(grfmt_exr.obj) : error LNK2019: 无法解析的外部符号 "public: void __thiscall Imf::FrameBuffer::insert(char const * const,struct Imf::Slice const &)" (?insert@FrameBuffer@Imf@@QAEXQBDABUSlice@2@@Z)，该符号在函数 "public: virtual bool __thiscall cv::ExrDecoder::readData(class cv::Mat &)" (?readData@ExrDecoder@cv@@UAE_NAAVMat@2@@Z) 中被引用
     1>opencv_highgui249d.lib(grfmt_exr.obj) : error LNK2019: 无法解析的外部符号 "int __cdecl Imf::globalThreadCount(void)" (?globalThreadCount@Imf@@YAHXZ)，该符号在函数 "public: virtual bool __thiscall cv::ExrDecoder::readHeader(void)" (?readHeader@ExrDecoder@cv@@UAE_NXZ) 中被引用
     1>opencv_highgui249d.lib(grfmt_exr.obj) : error LNK2019: 无法解析的外部符号 "public: __thiscall Imf::InputFile::InputFile(char const * const,int)" (??0InputFile@Imf@@QAE@QBDH@Z)，该符号在函数 "public: virtual bool __thiscall cv::ExrDecoder::readHeader(void)" (?readHeader@ExrDecoder@cv@@UAE_NXZ) 中被引用
     1>opencv_highgui249d.lib(grfmt_exr.obj) : error LNK2019: 无法解析的外部符号 "public: class Imf::Header const & __thiscall Imf::InputFile::header(void)const " (?header@InputFile@Imf@@QBEABVHeader@2@XZ)，该符号在函数 "public: virtual bool __thiscall cv::ExrDecoder::readHeader(void)" (?readHeader@ExrDecoder@cv@@UAE_NXZ) 中被引用
     1>opencv_highgui249d.lib(grfmt_exr.obj) : error LNK2019: 无法解析的外部符号 "public: void __thiscall Imf::InputFile::setFrameBuffer(class Imf::FrameBuffer const &)" (?setFrameBuffer@InputFile@Imf@@QAEXABVFrameBuffer@2@@Z)，该符号在函数 "public: virtual bool __thiscall cv::ExrDecoder::readData(class cv::Mat &)" (?readData@ExrDecoder@cv@@UAE_NAAVMat@2@@Z) 中被引用
     1>opencv_highgui249d.lib(grfmt_exr.obj) : error LNK2019: 无法解析的外部符号 "public: void __thiscall Imf::InputFile::readPixels(int,int)" (?readPixels@InputFile@Imf@@QAEXHH@Z)，该符号在函数 "public: virtual bool __thiscall cv::ExrDecoder::readData(class cv::Mat &)" (?readData@ExrDecoder@cv@@UAE_NAAVMat@2@@Z) 中被引用
     1>opencv_highgui249d.lib(grfmt_exr.obj) : error LNK2019: 无法解析的外部符号 "public: __thiscall Imf::OutputFile::OutputFile(char const * const,class Imf::Header const &,int)" (??0OutputFile@Imf@@QAE@QBDABVHeader@1@H@Z)，该符号在函数 "public: virtual bool __thiscall cv::ExrEncoder::write(class cv::Mat const &,class std::vector<int,class std::allocator<int> > const &)" (?write@ExrEncoder@cv@@UAE_NABVMat@2@ABV?$vector@HV?$allocator@H@std@@@std@@@Z) 中被引用
     1>opencv_highgui249d.lib(grfmt_exr.obj) : error LNK2019: 无法解析的外部符号 "public: virtual __thiscall Imf::OutputFile::~OutputFile(void)" (??1OutputFile@Imf@@UAE@XZ)，该符号在函数 __catch$?write@ExrEncoder@cv@@UAE_NABVMat@2@ABV?$vector@HV?$allocator@H@std@@@std@@@Z$2 中被引用
     1>opencv_highgui249d.lib(grfmt_exr.obj) : error LNK2019: 无法解析的外部符号 "public: void __thiscall Imf::OutputFile::setFrameBuffer(class Imf::FrameBuffer const &)" (?setFrameBuffer@OutputFile@Imf@@QAEXABVFrameBuffer@2@@Z)，该符号在函数 "public: virtual bool __thiscall cv::ExrEncoder::write(class cv::Mat const &,class std::vector<int,class std::allocator<int> > const &)" (?write@ExrEncoder@cv@@UAE_NABVMat@2@ABV?$vector@HV?$allocator@H@std@@@std@@@Z) 中被引用
     1>opencv_highgui249d.lib(grfmt_exr.obj) : error LNK2019: 无法解析的外部符号 "public: void __thiscall Imf::OutputFile::writePixels(int)" (?writePixels@OutputFile@Imf@@QAEXH@Z)，该符号在函数 "public: virtual bool __thiscall cv::ExrEncoder::write(class cv::Mat const &,class std::vector<int,class std::allocator<int> > const &)" (?write@ExrEncoder@cv@@UAE_NABVMat@2@ABV?$vector@HV?$allocator@H@std@@@std@@@Z) 中被引用
     1>opencv_highgui249d.lib(grfmt_exr.obj) : error LNK2019: 无法解析的外部符号 "public: __thiscall Imf::Channel::Channel(enum Imf::PixelType,int,int,bool)" (??0Channel@Imf@@QAE@W4PixelType@1@HH_N@Z)，该符号在函数 "public: virtual bool __thiscall cv::ExrEncoder::write(class cv::Mat const &,class std::vector<int,class std::allocator<int> > const &)" (?write@ExrEncoder@cv@@UAE_NABVMat@2@ABV?$vector@HV?$allocator@H@std@@@std@@@Z) 中被引用
     1>opencv_highgui249d.lib(grfmt_exr.obj) : error LNK2019: 无法解析的外部符号 "public: void __thiscall Imf::ChannelList::insert(char const * const,struct Imf::Channel const &)" (?insert@ChannelList@Imf@@QAEXQBDABUChannel@2@@Z)，该符号在函数 "public: virtual bool __thiscall cv::ExrEncoder::write(class cv::Mat const &,class std::vector<int,class std::allocator<int> > const &)" (?write@ExrEncoder@cv@@UAE_NABVMat@2@ABV?$vector@HV?$allocator@H@std@@@std@@@Z) 中被引用
     1>opencv_highgui249d.lib(grfmt_exr.obj) : error LNK2019: 无法解析的外部符号 "public: struct Imf::Channel const * __thiscall Imf::ChannelList::findChannel(char const * const)const " (?findChannel@ChannelList@Imf@@QBEPBUChannel@2@QBD@Z)，该符号在函数 "public: virtual bool __thiscall cv::ExrDecoder::readHeader(void)" (?readHeader@ExrDecoder@cv@@UAE_NXZ) 中被引用
     1>opencv_highgui249d.lib(grfmt_exr.obj) : error LNK2019: 无法解析的外部符号 "private: static short __cdecl half::convert(int)" (?convert@half@@CAFH@Z)，该符号在函数 "public: __thiscall half::half(float)" (??0half@@QAE@M@Z) 中被引用
     1>opencv_highgui249d.lib(grfmt_exr.obj) : error LNK2019: 无法解析的外部符号 "public: __thiscall Imf::Chromaticities::Chromaticities(class Imath::Vec2<float> const &,class Imath::Vec2<float> const &,class Imath::Vec2<float> const &,class Imath::Vec2<float> const &)" (??0Chromaticities@Imf@@QAE@ABV?$Vec2@M@Imath@@000@Z)，该符号在函数 "public: __thiscall cv::ExrDecoder::ExrDecoder(void)" (??0ExrDecoder@cv@@QAE@XZ) 中被引用
     1>opencv_highgui249d.lib(grfmt_exr.obj) : error LNK2019: 无法解析的外部符号 "bool __cdecl Imf::hasChromaticities(class Imf::Header const &)" (?hasChromaticities@Imf@@YA_NABVHeader@1@@Z)，该符号在函数 "public: virtual bool __thiscall cv::ExrDecoder::readHeader(void)" (?readHeader@ExrDecoder@cv@@UAE_NXZ) 中被引用
     1>opencv_highgui249d.lib(grfmt_exr.obj) : error LNK2019: 无法解析的外部符号 "struct Imf::Chromaticities const & __cdecl Imf::chromaticities(class Imf::Header const &)" (?chromaticities@Imf@@YAABUChromaticities@1@ABVHeader@1@@Z)，该符号在函数 "public: virtual bool __thiscall cv::ExrDecoder::readHeader(void)" (?readHeader@ExrDecoder@cv@@UAE_NXZ) 中被引用
     1>opencv_highgui249d.lib(grfmt_exr.obj) : error LNK2001: 无法解析的外部符号 "private: static unsigned short const * const half::_eLut" (?_eLut@half@@0QBGB)
     1>G:\C++\Project\stitcher\stitcher_win32_sdk\vs_stitcher_demo\Debug\vs_stitcher_demo.exe : fatal error LNK1120: 117 个无法解析的外部命令
     1>已完成生成项目“G:\C++\Project\stitcher\stitcher_win32_sdk\vs_stitcher_demo\vs_stitcher_demo\vs_stitcher_demo.vcxproj”(Build 个目标)的操作 - 失败。

生成失败。

已用时间 00:00:01.55
